[2.210s] Invoking command in '/home/saroj/ros2_ws/src/my_robot_controller': PYTHONPATH=/home/saroj/ros2_ws/install/my_robot_controller/lib/python3.10/site-packages:${PYTHONPATH} /usr/bin/python3 setup.py egg_info --egg-base ../../build/my_robot_controller build --build-base /home/saroj/ros2_ws/build/my_robot_controller/build install --prefix /home/saroj/ros2_ws/install/my_robot_controller --record /home/saroj/ros2_ws/build/my_robot_controller/install.log --single-version-externally-managed
[2.777s] running egg_info
[2.778s] creating ../../build/my_robot_controller/my_robot_controller.egg-info
[2.778s] writing ../../build/my_robot_controller/my_robot_controller.egg-info/PKG-INFO
[2.779s] writing dependency_links to ../../build/my_robot_controller/my_robot_controller.egg-info/dependency_links.txt
[2.780s] writing entry points to ../../build/my_robot_controller/my_robot_controller.egg-info/entry_points.txt
[2.780s] writing requirements to ../../build/my_robot_controller/my_robot_controller.egg-info/requires.txt
[2.780s] writing top-level names to ../../build/my_robot_controller/my_robot_controller.egg-info/top_level.txt
[2.780s] writing manifest file '../../build/my_robot_controller/my_robot_controller.egg-info/SOURCES.txt'
[2.783s] reading manifest file '../../build/my_robot_controller/my_robot_controller.egg-info/SOURCES.txt'
[2.785s] writing manifest file '../../build/my_robot_controller/my_robot_controller.egg-info/SOURCES.txt'
[2.785s] running build
[2.785s] running build_py
[2.786s] creating /home/saroj/ros2_ws/build/my_robot_controller/build
[2.786s] creating /home/saroj/ros2_ws/build/my_robot_controller/build/lib
[2.786s] creating /home/saroj/ros2_ws/build/my_robot_controller/build/lib/my_robot_controller
[2.786s] copying my_robot_controller/my_first_node.py -> /home/saroj/ros2_ws/build/my_robot_controller/build/lib/my_robot_controller
[2.787s] copying my_robot_controller/__init__.py -> /home/saroj/ros2_ws/build/my_robot_controller/build/lib/my_robot_controller
[2.787s] running install
[2.787s] running install_lib
[2.789s] creating /home/saroj/ros2_ws/install/my_robot_controller/lib/python3.10/site-packages/my_robot_controller
[2.789s] copying /home/saroj/ros2_ws/build/my_robot_controller/build/lib/my_robot_controller/my_first_node.py -> /home/saroj/ros2_ws/install/my_robot_controller/lib/python3.10/site-packages/my_robot_controller
[2.790s] copying /home/saroj/ros2_ws/build/my_robot_controller/build/lib/my_robot_controller/__init__.py -> /home/saroj/ros2_ws/install/my_robot_controller/lib/python3.10/site-packages/my_robot_controller
[2.791s] byte-compiling /home/saroj/ros2_ws/install/my_robot_controller/lib/python3.10/site-packages/my_robot_controller/my_first_node.py to my_first_node.cpython-310.pyc
[2.792s] byte-compiling /home/saroj/ros2_ws/install/my_robot_controller/lib/python3.10/site-packages/my_robot_controller/__init__.py to __init__.cpython-310.pyc
[2.792s] running install_data
[2.793s] creating /home/saroj/ros2_ws/install/my_robot_controller/share/ament_index
[2.794s] creating /home/saroj/ros2_ws/install/my_robot_controller/share/ament_index/resource_index
[2.794s] creating /home/saroj/ros2_ws/install/my_robot_controller/share/ament_index/resource_index/packages
[2.794s] copying resource/my_robot_controller -> /home/saroj/ros2_ws/install/my_robot_controller/share/ament_index/resource_index/packages
[2.794s] copying package.xml -> /home/saroj/ros2_ws/install/my_robot_controller/share/my_robot_controller
[2.795s] running install_egg_info
[2.798s] Copying ../../build/my_robot_controller/my_robot_controller.egg-info to /home/saroj/ros2_ws/install/my_robot_controller/lib/python3.10/site-packages/my_robot_controller-0.0.0-py3.10.egg-info
[2.799s] running install_scripts
[2.846s] writing list of installed files to '/home/saroj/ros2_ws/build/my_robot_controller/install.log'
[2.891s] Invoked command in '/home/saroj/ros2_ws/src/my_robot_controller' returned '0': PYTHONPATH=/home/saroj/ros2_ws/install/my_robot_controller/lib/python3.10/site-packages:${PYTHONPATH} /usr/bin/python3 setup.py egg_info --egg-base ../../build/my_robot_controller build --build-base /home/saroj/ros2_ws/build/my_robot_controller/build install --prefix /home/saroj/ros2_ws/install/my_robot_controller --record /home/saroj/ros2_ws/build/my_robot_controller/install.log --single-version-externally-managed
