[0.358s] DEBUG:colcon:Command line arguments: ['/usr/bin/colcon', 'build', '--symlink-install']
[0.358s] DEBUG:colcon:Parsed command line arguments: Namespace(log_base=None, log_level=None, verb_name='build', build_base='build', install_base='install', merge_install=False, symlink_install=True, test_result_base=None, continue_on_error=False, executor='parallel', parallel_workers=4, event_handlers=None, ignore_user_meta=False, metas=['./colcon.meta'], base_paths=['.'], packages_ignore=None, packages_ignore_regex=None, paths=None, packages_up_to=None, packages_up_to_regex=None, packages_above=None, packages_above_and_dependencies=None, packages_above_depth=None, packages_select_by_dep=None, packages_skip_by_dep=None, packages_skip_up_to=None, packages_select_build_failed=False, packages_skip_build_finished=False, packages_select_test_failures=False, packages_skip_test_passed=False, packages_select=None, packages_skip=None, packages_select_regex=None, packages_skip_regex=None, packages_start=None, packages_end=None, allow_overriding=[], cmake_args=None, cmake_target=None, cmake_target_skip_unavailable=False, cmake_clean_cache=False, cmake_clean_first=False, cmake_force_configure=False, ament_cmake_args=None, catkin_cmake_args=None, catkin_skip_building_tests=False, verb_parser=<colcon_defaults.argument_parser.defaults.DefaultArgumentsDecorator object at 0x7f44b60e7b80>, verb_extension=<colcon_core.verb.build.BuildVerb object at 0x7f44b60e7610>, main=<bound method BuildVerb.main of <colcon_core.verb.build.BuildVerb object at 0x7f44b60e7610>>)
[0.465s] Level 1:colcon.colcon_core.package_discovery:discover_packages(colcon_meta) check parameters
[0.465s] Level 1:colcon.colcon_core.package_discovery:discover_packages(recursive) check parameters
[0.466s] Level 1:colcon.colcon_core.package_discovery:discover_packages(ignore) check parameters
[0.466s] Level 1:colcon.colcon_core.package_discovery:discover_packages(path) check parameters
[0.466s] Level 1:colcon.colcon_core.package_discovery:discover_packages(colcon_meta) discover
[0.466s] Level 1:colcon.colcon_core.package_discovery:discover_packages(recursive) discover
[0.466s] INFO:colcon.colcon_core.package_discovery:Crawling recursively for packages in '/home/saroj/ros2_ws'
[0.467s] Level 1:colcon.colcon_core.package_identification:_identify(.) by extensions ['ignore', 'ignore_ament_install']
[0.467s] Level 1:colcon.colcon_core.package_identification:_identify(.) by extension 'ignore'
[0.467s] Level 1:colcon.colcon_core.package_identification:_identify(.) by extension 'ignore_ament_install'
[0.467s] Level 1:colcon.colcon_core.package_identification:_identify(.) by extensions ['colcon_pkg']
[0.468s] Level 1:colcon.colcon_core.package_identification:_identify(.) by extension 'colcon_pkg'
[0.468s] Level 1:colcon.colcon_core.package_identification:_identify(.) by extensions ['colcon_meta']
[0.468s] Level 1:colcon.colcon_core.package_identification:_identify(.) by extension 'colcon_meta'
[0.468s] Level 1:colcon.colcon_core.package_identification:_identify(.) by extensions ['ros']
[0.468s] Level 1:colcon.colcon_core.package_identification:_identify(.) by extension 'ros'
[0.513s] Level 1:colcon.colcon_core.package_identification:_identify(.) by extensions ['cmake', 'python']
[0.514s] Level 1:colcon.colcon_core.package_identification:_identify(.) by extension 'cmake'
[0.514s] Level 1:colcon.colcon_core.package_identification:_identify(.) by extension 'python'
[0.514s] Level 1:colcon.colcon_core.package_identification:_identify(.) by extensions ['python_setup_py']
[0.514s] Level 1:colcon.colcon_core.package_identification:_identify(.) by extension 'python_setup_py'
[0.514s] Level 1:colcon.colcon_core.package_identification:_identify(build) by extensions ['ignore', 'ignore_ament_install']
[0.514s] Level 1:colcon.colcon_core.package_identification:_identify(build) by extension 'ignore'
[0.514s] Level 1:colcon.colcon_core.package_identification:_identify(build) ignored
[0.515s] Level 1:colcon.colcon_core.package_identification:_identify(install) by extensions ['ignore', 'ignore_ament_install']
[0.515s] Level 1:colcon.colcon_core.package_identification:_identify(install) by extension 'ignore'
[0.515s] Level 1:colcon.colcon_core.package_identification:_identify(install) ignored
[0.515s] Level 1:colcon.colcon_core.package_identification:_identify(log) by extensions ['ignore', 'ignore_ament_install']
[0.515s] Level 1:colcon.colcon_core.package_identification:_identify(log) by extension 'ignore'
[0.515s] Level 1:colcon.colcon_core.package_identification:_identify(log) ignored
[0.516s] Level 1:colcon.colcon_core.package_identification:_identify(src) by extensions ['ignore', 'ignore_ament_install']
[0.516s] Level 1:colcon.colcon_core.package_identification:_identify(src) by extension 'ignore'
[0.516s] Level 1:colcon.colcon_core.package_identification:_identify(src) by extension 'ignore_ament_install'
[0.516s] Level 1:colcon.colcon_core.package_identification:_identify(src) by extensions ['colcon_pkg']
[0.516s] Level 1:colcon.colcon_core.package_identification:_identify(src) by extension 'colcon_pkg'
[0.516s] Level 1:colcon.colcon_core.package_identification:_identify(src) by extensions ['colcon_meta']
[0.516s] Level 1:colcon.colcon_core.package_identification:_identify(src) by extension 'colcon_meta'
[0.516s] Level 1:colcon.colcon_core.package_identification:_identify(src) by extensions ['ros']
[0.516s] Level 1:colcon.colcon_core.package_identification:_identify(src) by extension 'ros'
[0.517s] Level 1:colcon.colcon_core.package_identification:_identify(src) by extensions ['cmake', 'python']
[0.517s] Level 1:colcon.colcon_core.package_identification:_identify(src) by extension 'cmake'
[0.517s] Level 1:colcon.colcon_core.package_identification:_identify(src) by extension 'python'
[0.517s] Level 1:colcon.colcon_core.package_identification:_identify(src) by extensions ['python_setup_py']
[0.517s] Level 1:colcon.colcon_core.package_identification:_identify(src) by extension 'python_setup_py'
[0.517s] Level 1:colcon.colcon_core.package_identification:_identify(src/my_robot_controller) by extensions ['ignore', 'ignore_ament_install']
[0.517s] Level 1:colcon.colcon_core.package_identification:_identify(src/my_robot_controller) by extension 'ignore'
[0.517s] Level 1:colcon.colcon_core.package_identification:_identify(src/my_robot_controller) by extension 'ignore_ament_install'
[0.517s] Level 1:colcon.colcon_core.package_identification:_identify(src/my_robot_controller) by extensions ['colcon_pkg']
[0.517s] Level 1:colcon.colcon_core.package_identification:_identify(src/my_robot_controller) by extension 'colcon_pkg'
[0.518s] Level 1:colcon.colcon_core.package_identification:_identify(src/my_robot_controller) by extensions ['colcon_meta']
[0.518s] Level 1:colcon.colcon_core.package_identification:_identify(src/my_robot_controller) by extension 'colcon_meta'
[0.518s] Level 1:colcon.colcon_core.package_identification:_identify(src/my_robot_controller) by extensions ['ros']
[0.518s] Level 1:colcon.colcon_core.package_identification:_identify(src/my_robot_controller) by extension 'ros'
[0.524s] DEBUG:colcon.colcon_core.package_identification:Package 'src/my_robot_controller' with type 'ros.ament_python' and name 'my_robot_controller'
[0.524s] Level 1:colcon.colcon_core.package_discovery:discover_packages(recursive) using defaults
[0.524s] Level 1:colcon.colcon_core.package_discovery:discover_packages(ignore) discover
[0.524s] Level 1:colcon.colcon_core.package_discovery:discover_packages(ignore) using defaults
[0.524s] Level 1:colcon.colcon_core.package_discovery:discover_packages(path) discover
[0.524s] Level 1:colcon.colcon_core.package_discovery:discover_packages(path) using defaults
[0.577s] Level 1:colcon.colcon_core.package_discovery:discover_packages(prefix_path) check parameters
[0.577s] Level 1:colcon.colcon_core.package_discovery:discover_packages(prefix_path) discover
[0.584s] DEBUG:colcon.colcon_installed_package_information.package_discovery:Found 1 installed packages in /home/saroj/ros2_ws/install
[0.587s] DEBUG:colcon.colcon_installed_package_information.package_discovery:Found 270 installed packages in /opt/ros/humble
[0.590s] Level 1:colcon.colcon_core.package_discovery:discover_packages(prefix_path) using defaults
[0.714s] Level 5:colcon.colcon_core.verb:set package 'my_robot_controller' build argument 'cmake_args' from command line to 'None'
[0.714s] Level 5:colcon.colcon_core.verb:set package 'my_robot_controller' build argument 'cmake_target' from command line to 'None'
[0.714s] Level 5:colcon.colcon_core.verb:set package 'my_robot_controller' build argument 'cmake_target_skip_unavailable' from command line to 'False'
[0.714s] Level 5:colcon.colcon_core.verb:set package 'my_robot_controller' build argument 'cmake_clean_cache' from command line to 'False'
[0.715s] Level 5:colcon.colcon_core.verb:set package 'my_robot_controller' build argument 'cmake_clean_first' from command line to 'False'
[0.715s] Level 5:colcon.colcon_core.verb:set package 'my_robot_controller' build argument 'cmake_force_configure' from command line to 'False'
[0.715s] Level 5:colcon.colcon_core.verb:set package 'my_robot_controller' build argument 'ament_cmake_args' from command line to 'None'
[0.715s] Level 5:colcon.colcon_core.verb:set package 'my_robot_controller' build argument 'catkin_cmake_args' from command line to 'None'
[0.715s] Level 5:colcon.colcon_core.verb:set package 'my_robot_controller' build argument 'catkin_skip_building_tests' from command line to 'False'
[0.715s] DEBUG:colcon.colcon_core.verb:Building package 'my_robot_controller' with the following arguments: {'ament_cmake_args': None, 'build_base': '/home/saroj/ros2_ws/build/my_robot_controller', 'catkin_cmake_args': None, 'catkin_skip_building_tests': False, 'cmake_args': None, 'cmake_clean_cache': False, 'cmake_clean_first': False, 'cmake_force_configure': False, 'cmake_target': None, 'cmake_target_skip_unavailable': False, 'install_base': '/home/saroj/ros2_ws/install/my_robot_controller', 'merge_install': False, 'path': '/home/saroj/ros2_ws/src/my_robot_controller', 'symlink_install': True, 'test_result_base': None}
[0.717s] INFO:colcon.colcon_core.executor:Executing jobs using 'parallel' executor
[0.725s] DEBUG:colcon.colcon_parallel_executor.executor.parallel:run_until_complete
[0.726s] INFO:colcon.colcon_ros.task.ament_python.build:Building ROS package in '/home/saroj/ros2_ws/src/my_robot_controller' with build type 'ament_python'
[0.727s] Level 1:colcon.colcon_core.shell:create_environment_hook('my_robot_controller', 'ament_prefix_path')
[0.747s] INFO:colcon.colcon_core.plugin_system:Skipping extension 'colcon_core.shell.bat': Not used on non-Windows systems
[0.748s] INFO:colcon.colcon_core.shell:Creating environment hook '/home/saroj/ros2_ws/install/my_robot_controller/share/my_robot_controller/hook/ament_prefix_path.ps1'
[0.750s] INFO:colcon.colcon_core.shell:Creating environment descriptor '/home/saroj/ros2_ws/install/my_robot_controller/share/my_robot_controller/hook/ament_prefix_path.dsv'
[0.752s] INFO:colcon.colcon_core.shell:Creating environment hook '/home/saroj/ros2_ws/install/my_robot_controller/share/my_robot_controller/hook/ament_prefix_path.sh'
[0.759s] INFO:colcon.colcon_core.shell:Skip shell extension 'powershell' for command environment: Not usable outside of PowerShell
[0.759s] DEBUG:colcon.colcon_core.shell:Skip shell extension 'dsv' for command environment
[1.609s] INFO:colcon.colcon_core.task.python.build:Building Python package in '/home/saroj/ros2_ws/src/my_robot_controller'
[1.612s] INFO:colcon.colcon_core.shell:Skip shell extension 'powershell' for command environment: Not usable outside of PowerShell
[1.612s] DEBUG:colcon.colcon_core.shell:Skip shell extension 'dsv' for command environment
[2.431s] DEBUG:colcon.colcon_core.task.python.build:While undoing a previous installation files outside the Python library path are being ignored: /home/saroj/ros2_ws/install/my_robot_controller/share/ament_index/resource_index/packages/my_robot_controller
[2.431s] DEBUG:colcon.colcon_core.task.python.build:While undoing a previous installation files outside the Python library path are being ignored: /home/saroj/ros2_ws/install/my_robot_controller/share/my_robot_controller/package.xml
[2.432s] DEBUG:colcon.colcon_core.task.python.build:While undoing a previous installation files outside the Python library path are being ignored: /home/saroj/ros2_ws/install/my_robot_controller/lib/my_robot_controller/test_node
[2.437s] DEBUG:colcon.colcon_core.event_handler.log_command:Invoking command in '/home/saroj/ros2_ws/build/my_robot_controller': PYTHONPATH=/home/saroj/ros2_ws/install/my_robot_controller/lib/python3.10/site-packages:${PYTHONPATH} /usr/bin/python3 setup.py develop --prefix /home/saroj/ros2_ws/install/my_robot_controller --editable --build-directory /home/saroj/ros2_ws/build/my_robot_controller/build --no-deps install_data --install-dir /home/saroj/ros2_ws/install/my_robot_controller
[3.517s] Level 1:colcon.colcon_core.shell:create_environment_hook('my_robot_controller', 'pythonpath_develop')
[3.520s] INFO:colcon.colcon_core.shell:Creating environment hook '/home/saroj/ros2_ws/build/my_robot_controller/share/my_robot_controller/hook/pythonpath_develop.ps1'
[3.520s] DEBUG:colcon.colcon_core.event_handler.log_command:Invoked command in '/home/saroj/ros2_ws/build/my_robot_controller' returned '0': PYTHONPATH=/home/saroj/ros2_ws/install/my_robot_controller/lib/python3.10/site-packages:${PYTHONPATH} /usr/bin/python3 setup.py develop --prefix /home/saroj/ros2_ws/install/my_robot_controller --editable --build-directory /home/saroj/ros2_ws/build/my_robot_controller/build --no-deps install_data --install-dir /home/saroj/ros2_ws/install/my_robot_controller
[3.522s] INFO:colcon.colcon_core.shell:Creating environment descriptor '/home/saroj/ros2_ws/build/my_robot_controller/share/my_robot_controller/hook/pythonpath_develop.dsv'
[3.523s] INFO:colcon.colcon_core.shell:Creating environment hook '/home/saroj/ros2_ws/build/my_robot_controller/share/my_robot_controller/hook/pythonpath_develop.sh'
[3.535s] Level 1:colcon.colcon_core.environment:checking '/home/saroj/ros2_ws/install/my_robot_controller' for CMake module files
[3.535s] Level 1:colcon.colcon_core.environment:checking '/home/saroj/ros2_ws/install/my_robot_controller' for CMake config files
[3.537s] Level 1:colcon.colcon_core.environment:checking '/home/saroj/ros2_ws/install/my_robot_controller/lib'
[3.538s] Level 1:colcon.colcon_core.environment:checking '/home/saroj/ros2_ws/install/my_robot_controller/bin'
[3.538s] Level 1:colcon.colcon_core.environment:checking '/home/saroj/ros2_ws/install/my_robot_controller/lib/pkgconfig/my_robot_controller.pc'
[3.538s] Level 1:colcon.colcon_core.environment:checking '/home/saroj/ros2_ws/install/my_robot_controller/lib/python3.10/site-packages'
[3.538s] Level 1:colcon.colcon_core.shell:create_environment_hook('my_robot_controller', 'pythonpath')
[3.542s] INFO:colcon.colcon_core.shell:Creating environment hook '/home/saroj/ros2_ws/install/my_robot_controller/share/my_robot_controller/hook/pythonpath.ps1'
[3.543s] INFO:colcon.colcon_core.shell:Creating environment descriptor '/home/saroj/ros2_ws/install/my_robot_controller/share/my_robot_controller/hook/pythonpath.dsv'
[3.545s] INFO:colcon.colcon_core.shell:Creating environment hook '/home/saroj/ros2_ws/install/my_robot_controller/share/my_robot_controller/hook/pythonpath.sh'
[3.550s] Level 1:colcon.colcon_core.environment:checking '/home/saroj/ros2_ws/install/my_robot_controller/bin'
[3.551s] Level 1:colcon.colcon_core.environment:create_environment_scripts_only(my_robot_controller)
[3.555s] INFO:colcon.colcon_core.shell:Creating package script '/home/saroj/ros2_ws/install/my_robot_controller/share/my_robot_controller/package.ps1'
[3.558s] INFO:colcon.colcon_core.shell:Creating package descriptor '/home/saroj/ros2_ws/install/my_robot_controller/share/my_robot_controller/package.dsv'
[3.559s] INFO:colcon.colcon_core.shell:Creating package script '/home/saroj/ros2_ws/install/my_robot_controller/share/my_robot_controller/package.sh'
[3.561s] INFO:colcon.colcon_core.shell:Creating package script '/home/saroj/ros2_ws/install/my_robot_controller/share/my_robot_controller/package.bash'
[3.562s] INFO:colcon.colcon_core.shell:Creating package script '/home/saroj/ros2_ws/install/my_robot_controller/share/my_robot_controller/package.zsh'
[3.564s] Level 1:colcon.colcon_core.environment:create_file_with_runtime_dependencies(/home/saroj/ros2_ws/install/my_robot_controller/share/colcon-core/packages/my_robot_controller)
[3.565s] DEBUG:colcon.colcon_parallel_executor.executor.parallel:closing loop
[3.569s] DEBUG:colcon.colcon_parallel_executor.executor.parallel:loop closed
[3.569s] DEBUG:colcon.colcon_parallel_executor.executor.parallel:run_until_complete finished with '0'
[3.570s] DEBUG:colcon.colcon_core.event_reactor:joining thread
[3.594s] INFO:colcon.colcon_core.plugin_system:Skipping extension 'colcon_notification.desktop_notification.terminal_notifier': Not used on non-Darwin systems
[3.595s] INFO:colcon.colcon_core.plugin_system:Skipping extension 'colcon_notification.desktop_notification.win32': Not used on non-Windows systems
[3.595s] INFO:colcon.colcon_notification.desktop_notification:Sending desktop notification using 'notify2'
[3.633s] DEBUG:colcon.colcon_core.event_reactor:joined thread
[3.638s] INFO:colcon.colcon_core.shell:Creating prefix script '/home/saroj/ros2_ws/install/local_setup.ps1'
[3.641s] INFO:colcon.colcon_core.shell:Creating prefix util module '/home/saroj/ros2_ws/install/_local_setup_util_ps1.py'
[3.645s] INFO:colcon.colcon_core.shell:Creating prefix chain script '/home/saroj/ros2_ws/install/setup.ps1'
[3.649s] INFO:colcon.colcon_core.shell:Creating prefix script '/home/saroj/ros2_ws/install/local_setup.sh'
[3.650s] INFO:colcon.colcon_core.shell:Creating prefix util module '/home/saroj/ros2_ws/install/_local_setup_util_sh.py'
[3.652s] INFO:colcon.colcon_core.shell:Creating prefix chain script '/home/saroj/ros2_ws/install/setup.sh'
[3.657s] INFO:colcon.colcon_core.shell:Creating prefix script '/home/saroj/ros2_ws/install/local_setup.bash'
[3.659s] INFO:colcon.colcon_core.shell:Creating prefix chain script '/home/saroj/ros2_ws/install/setup.bash'
[3.663s] INFO:colcon.colcon_core.shell:Creating prefix script '/home/saroj/ros2_ws/install/local_setup.zsh'
[3.664s] INFO:colcon.colcon_core.shell:Creating prefix chain script '/home/saroj/ros2_ws/install/setup.zsh'
