[1.298s] DEBUG:colcon:Command line arguments: ['/usr/bin/colcon', 'list', '-p', '--base-paths', '/home/saroj/ros2_ws']
[1.298s] DEBUG:colcon:Parsed command line arguments: Namespace(log_base=None, log_level=None, verb_name='list', build_base='build', ignore_user_meta=False, metas=['./colcon.meta'], base_paths=['/home/saroj/ros2_ws'], packages_ignore=None, packages_ignore_regex=None, paths=None, packages_up_to=None, packages_up_to_regex=None, packages_above=None, packages_above_and_dependencies=None, packages_above_depth=None, packages_select_by_dep=None, packages_skip_by_dep=None, packages_skip_up_to=None, packages_select_build_failed=False, packages_skip_build_finished=False, packages_select_test_failures=False, packages_skip_test_passed=False, packages_select=None, packages_skip=None, packages_select_regex=None, packages_skip_regex=None, packages_start=None, packages_end=None, allow_overriding=[], topological_order=False, names_only=False, paths_only=True, topological_graph=False, topological_graph_dot=False, topological_graph_density=False, topological_graph_legend=False, topological_graph_dot_cluster=False, topological_graph_dot_include_skipped=False, verb_parser=<colcon_defaults.argument_parser.defaults.DefaultArgumentsDecorator object at 0x7f360fac0640>, verb_extension=<colcon_package_information.verb.list.ListVerb object at 0x7f3610484dc0>, main=<bound method ListVerb.main of <colcon_package_information.verb.list.ListVerb object at 0x7f3610484dc0>>)
[1.493s] Level 1:colcon.colcon_core.package_discovery:discover_packages(colcon_meta) check parameters
[1.494s] Level 1:colcon.colcon_core.package_discovery:discover_packages(recursive) check parameters
[1.494s] Level 1:colcon.colcon_core.package_discovery:discover_packages(ignore) check parameters
[1.494s] Level 1:colcon.colcon_core.package_discovery:discover_packages(path) check parameters
[1.494s] Level 1:colcon.colcon_core.package_discovery:discover_packages(recursive) discover
[1.495s] INFO:colcon.colcon_core.package_discovery:Crawling recursively for packages in '/home/saroj/ros2_ws'
[1.495s] Level 1:colcon.colcon_core.package_identification:_identify(/home/saroj/ros2_ws) by extensions ['ignore', 'ignore_ament_install']
[1.496s] Level 1:colcon.colcon_core.package_identification:_identify(/home/saroj/ros2_ws) by extension 'ignore'
[1.496s] Level 1:colcon.colcon_core.package_identification:_identify(/home/saroj/ros2_ws) by extension 'ignore_ament_install'
[1.496s] Level 1:colcon.colcon_core.package_identification:_identify(/home/saroj/ros2_ws) by extensions ['colcon_pkg']
[1.497s] Level 1:colcon.colcon_core.package_identification:_identify(/home/saroj/ros2_ws) by extension 'colcon_pkg'
[1.497s] Level 1:colcon.colcon_core.package_identification:_identify(/home/saroj/ros2_ws) by extensions ['colcon_meta']
[1.497s] Level 1:colcon.colcon_core.package_identification:_identify(/home/saroj/ros2_ws) by extension 'colcon_meta'
[1.497s] Level 1:colcon.colcon_core.package_identification:_identify(/home/saroj/ros2_ws) by extensions ['ros']
[1.497s] Level 1:colcon.colcon_core.package_identification:_identify(/home/saroj/ros2_ws) by extension 'ros'
[1.574s] Level 1:colcon.colcon_core.package_identification:_identify(/home/saroj/ros2_ws) by extensions ['cmake', 'python']
[1.575s] Level 1:colcon.colcon_core.package_identification:_identify(/home/saroj/ros2_ws) by extension 'cmake'
[1.576s] Level 1:colcon.colcon_core.package_identification:_identify(/home/saroj/ros2_ws) by extension 'python'
[1.576s] Level 1:colcon.colcon_core.package_identification:_identify(/home/saroj/ros2_ws) by extensions ['python_setup_py']
[1.576s] Level 1:colcon.colcon_core.package_identification:_identify(/home/saroj/ros2_ws) by extension 'python_setup_py'
[1.578s] Level 1:colcon.colcon_core.package_identification:_identify(/home/saroj/ros2_ws/build) by extensions ['ignore', 'ignore_ament_install']
[1.579s] Level 1:colcon.colcon_core.package_identification:_identify(/home/saroj/ros2_ws/build) by extension 'ignore'
[1.581s] Level 1:colcon.colcon_core.package_identification:_identify(/home/saroj/ros2_ws/build) ignored
[1.582s] Level 1:colcon.colcon_core.package_identification:_identify(/home/saroj/ros2_ws/install) by extensions ['ignore', 'ignore_ament_install']
[1.585s] Level 1:colcon.colcon_core.package_identification:_identify(/home/saroj/ros2_ws/install) by extension 'ignore'
[1.586s] Level 1:colcon.colcon_core.package_identification:_identify(/home/saroj/ros2_ws/install) ignored
[1.586s] Level 1:colcon.colcon_core.package_identification:_identify(/home/saroj/ros2_ws/log) by extensions ['ignore', 'ignore_ament_install']
[1.586s] Level 1:colcon.colcon_core.package_identification:_identify(/home/saroj/ros2_ws/log) by extension 'ignore'
[1.587s] Level 1:colcon.colcon_core.package_identification:_identify(/home/saroj/ros2_ws/log) ignored
[1.589s] Level 1:colcon.colcon_core.package_identification:_identify(/home/saroj/ros2_ws/src) by extensions ['ignore', 'ignore_ament_install']
[1.589s] Level 1:colcon.colcon_core.package_identification:_identify(/home/saroj/ros2_ws/src) by extension 'ignore'
[1.589s] Level 1:colcon.colcon_core.package_identification:_identify(/home/saroj/ros2_ws/src) by extension 'ignore_ament_install'
[1.590s] Level 1:colcon.colcon_core.package_identification:_identify(/home/saroj/ros2_ws/src) by extensions ['colcon_pkg']
[1.591s] Level 1:colcon.colcon_core.package_identification:_identify(/home/saroj/ros2_ws/src) by extension 'colcon_pkg'
[1.595s] Level 1:colcon.colcon_core.package_identification:_identify(/home/saroj/ros2_ws/src) by extensions ['colcon_meta']
[1.595s] Level 1:colcon.colcon_core.package_identification:_identify(/home/saroj/ros2_ws/src) by extension 'colcon_meta'
[1.596s] Level 1:colcon.colcon_core.package_identification:_identify(/home/saroj/ros2_ws/src) by extensions ['ros']
[1.597s] Level 1:colcon.colcon_core.package_identification:_identify(/home/saroj/ros2_ws/src) by extension 'ros'
[1.597s] Level 1:colcon.colcon_core.package_identification:_identify(/home/saroj/ros2_ws/src) by extensions ['cmake', 'python']
[1.597s] Level 1:colcon.colcon_core.package_identification:_identify(/home/saroj/ros2_ws/src) by extension 'cmake'
[1.598s] Level 1:colcon.colcon_core.package_identification:_identify(/home/saroj/ros2_ws/src) by extension 'python'
[1.598s] Level 1:colcon.colcon_core.package_identification:_identify(/home/saroj/ros2_ws/src) by extensions ['python_setup_py']
[1.598s] Level 1:colcon.colcon_core.package_identification:_identify(/home/saroj/ros2_ws/src) by extension 'python_setup_py'
[1.598s] Level 1:colcon.colcon_core.package_identification:_identify(/home/saroj/ros2_ws/src/my_robot_controller) by extensions ['ignore', 'ignore_ament_install']
[1.600s] Level 1:colcon.colcon_core.package_identification:_identify(/home/saroj/ros2_ws/src/my_robot_controller) by extension 'ignore'
[1.601s] Level 1:colcon.colcon_core.package_identification:_identify(/home/saroj/ros2_ws/src/my_robot_controller) by extension 'ignore_ament_install'
[1.602s] Level 1:colcon.colcon_core.package_identification:_identify(/home/saroj/ros2_ws/src/my_robot_controller) by extensions ['colcon_pkg']
[1.605s] Level 1:colcon.colcon_core.package_identification:_identify(/home/saroj/ros2_ws/src/my_robot_controller) by extension 'colcon_pkg'
[1.606s] Level 1:colcon.colcon_core.package_identification:_identify(/home/saroj/ros2_ws/src/my_robot_controller) by extensions ['colcon_meta']
[1.606s] Level 1:colcon.colcon_core.package_identification:_identify(/home/saroj/ros2_ws/src/my_robot_controller) by extension 'colcon_meta'
[1.609s] Level 1:colcon.colcon_core.package_identification:_identify(/home/saroj/ros2_ws/src/my_robot_controller) by extensions ['ros']
[1.610s] Level 1:colcon.colcon_core.package_identification:_identify(/home/saroj/ros2_ws/src/my_robot_controller) by extension 'ros'
[1.623s] DEBUG:colcon.colcon_core.package_identification:Package '/home/saroj/ros2_ws/src/my_robot_controller' with type 'ros.ament_python' and name 'my_robot_controller'
[1.635s] Level 1:colcon.colcon_core.package_discovery:discover_packages(recursive) using defaults
